mode: atomic
github.com/oprimogus/rinha-backend-2025/internal/api/middlewares/content_type.go:5.43,6.71 1 0
github.com/oprimogus/rinha-backend-2025/internal/api/middlewares/content_type.go:6.71,9.3 2 0
github.com/oprimogus/rinha-backend-2025/internal/api/router.go:14.32,26.2 8 0
github.com/oprimogus/rinha-backend-2025/internal/config/config.go:39.26,41.16 2 0
github.com/oprimogus/rinha-backend-2025/internal/config/config.go:41.16,43.3 1 0
github.com/oprimogus/rinha-backend-2025/internal/config/config.go:45.2,46.16 2 0
github.com/oprimogus/rinha-backend-2025/internal/config/config.go:46.16,49.3 2 0
github.com/oprimogus/rinha-backend-2025/internal/config/config.go:51.5,69.6 1 0
github.com/oprimogus/rinha-backend-2025/internal/config/config.go:72.28,73.16 1 0
github.com/oprimogus/rinha-backend-2025/internal/config/config.go:73.16,75.3 1 0
github.com/oprimogus/rinha-backend-2025/internal/config/config.go:76.2,76.12 1 0
github.com/oprimogus/rinha-backend-2025/internal/infra/database/redis.go:16.71,23.64 2 0
github.com/oprimogus/rinha-backend-2025/internal/infra/database/redis.go:23.64,25.3 1 0
github.com/oprimogus/rinha-backend-2025/internal/infra/database/redis.go:27.2,27.28 1 0
github.com/oprimogus/rinha-backend-2025/internal/infra/database/redis.go:30.24,31.19 1 0
github.com/oprimogus/rinha-backend-2025/internal/infra/database/redis.go:31.19,34.23 3 0
github.com/oprimogus/rinha-backend-2025/internal/infra/database/redis.go:34.23,35.23 1 0
github.com/oprimogus/rinha-backend-2025/internal/infra/database/redis.go:37.9,37.23 1 0
github.com/oprimogus/rinha-backend-2025/internal/infra/database/redis.go:39.5,39.15 1 0
github.com/oprimogus/rinha-backend-2025/internal/infra/log/logger.go:24.58,26.2 1 0
github.com/oprimogus/rinha-backend-2025/internal/infra/log/logger.go:33.88,34.17 1 0
github.com/oprimogus/rinha-backend-2025/internal/infra/log/logger.go:34.17,36.3 1 0
github.com/oprimogus/rinha-backend-2025/internal/infra/log/logger.go:37.2,40.3 1 0
github.com/oprimogus/rinha-backend-2025/internal/infra/log/logger.go:43.78,51.61 5 0
github.com/oprimogus/rinha-backend-2025/internal/infra/log/logger.go:51.61,53.3 1 0
github.com/oprimogus/rinha-backend-2025/internal/infra/log/logger.go:55.2,56.33 2 0
github.com/oprimogus/rinha-backend-2025/internal/infra/log/logger.go:56.33,59.3 2 0
github.com/oprimogus/rinha-backend-2025/internal/infra/log/logger.go:61.2,61.20 1 0
github.com/oprimogus/rinha-backend-2025/internal/infra/log/logger.go:61.20,63.3 1 0
github.com/oprimogus/rinha-backend-2025/internal/infra/log/logger.go:65.2,66.16 2 0
github.com/oprimogus/rinha-backend-2025/internal/infra/log/logger.go:66.16,68.3 1 0
github.com/oprimogus/rinha-backend-2025/internal/infra/log/logger.go:70.2,71.12 2 0
github.com/oprimogus/rinha-backend-2025/internal/infra/log/logger.go:74.71,76.2 1 0
github.com/oprimogus/rinha-backend-2025/internal/infra/log/logger.go:78.65,80.2 1 0
github.com/oprimogus/rinha-backend-2025/internal/infra/log/logger.go:82.60,84.2 1 0
github.com/oprimogus/rinha-backend-2025/internal/infra/log/logger.go:86.50,93.2 3 0
github.com/oprimogus/rinha-backend-2025/internal/infra/xerror/error.go:9.71,15.2 1 0
github.com/oprimogus/rinha-backend-2025/internal/infra/xerror/error.go:17.38,19.2 1 0
github.com/oprimogus/rinha-backend-2025/internal/infra/testcontainers/container.go:17.47,18.50 1 0
github.com/oprimogus/rinha-backend-2025/internal/infra/testcontainers/container.go:18.50,20.3 1 0
github.com/oprimogus/rinha-backend-2025/internal/infra/testcontainers/redis.go:12.57,15.19 2 0
github.com/oprimogus/rinha-backend-2025/internal/infra/testcontainers/redis.go:15.19,18.3 2 0
github.com/oprimogus/rinha-backend-2025/internal/infra/testcontainers/redis.go:20.2,21.16 2 0
github.com/oprimogus/rinha-backend-2025/internal/infra/testcontainers/redis.go:21.16,24.3 2 0
github.com/oprimogus/rinha-backend-2025/internal/infra/testcontainers/redis.go:25.2,31.11 2 0
github.com/oprimogus/rinha-backend-2025/internal/core/money/money.go:8.34,10.2 1 4
github.com/oprimogus/rinha-backend-2025/internal/core/money/money.go:12.34,14.2 1 0
github.com/oprimogus/rinha-backend-2025/internal/core/money/money.go:16.52,18.19 2 0
github.com/oprimogus/rinha-backend-2025/internal/core/money/money.go:18.19,20.6 1 0
github.com/oprimogus/rinha-backend-2025/internal/core/money/money.go:21.5,21.22 1 0
github.com/oprimogus/rinha-backend-2025/internal/core/money/money.go:24.56,26.19 2 0
github.com/oprimogus/rinha-backend-2025/internal/core/money/money.go:26.19,28.6 1 0
github.com/oprimogus/rinha-backend-2025/internal/core/money/money.go:29.5,29.31 1 0
github.com/oprimogus/rinha-backend-2025/internal/core/external_services/payment_processor.go:32.101,36.16 3 0
github.com/oprimogus/rinha-backend-2025/internal/core/external_services/payment_processor.go:36.16,38.3 1 0
github.com/oprimogus/rinha-backend-2025/internal/core/external_services/payment_processor.go:40.2,41.16 2 0
github.com/oprimogus/rinha-backend-2025/internal/core/external_services/payment_processor.go:41.16,43.3 1 0
github.com/oprimogus/rinha-backend-2025/internal/core/external_services/payment_processor.go:44.2,47.16 3 0
github.com/oprimogus/rinha-backend-2025/internal/core/external_services/payment_processor.go:47.16,49.3 1 0
github.com/oprimogus/rinha-backend-2025/internal/core/external_services/payment_processor.go:50.2,55.69 4 0
github.com/oprimogus/rinha-backend-2025/internal/core/external_services/payment_processor.go:55.69,57.3 1 0
github.com/oprimogus/rinha-backend-2025/internal/core/external_services/payment_processor.go:59.2,59.22 1 0
github.com/oprimogus/rinha-backend-2025/internal/core/external_services/payment_processor.go:62.83,66.16 3 0
github.com/oprimogus/rinha-backend-2025/internal/core/external_services/payment_processor.go:66.16,68.3 1 0
github.com/oprimogus/rinha-backend-2025/internal/core/external_services/payment_processor.go:70.2,71.16 2 0
github.com/oprimogus/rinha-backend-2025/internal/core/external_services/payment_processor.go:71.16,73.3 1 0
github.com/oprimogus/rinha-backend-2025/internal/core/external_services/payment_processor.go:74.2,77.69 3 0
github.com/oprimogus/rinha-backend-2025/internal/core/external_services/payment_processor.go:77.69,79.3 1 0
github.com/oprimogus/rinha-backend-2025/internal/core/external_services/payment_processor.go:81.2,81.22 1 0
github.com/oprimogus/rinha-backend-2025/internal/core/external_services/payment_processor.go:88.60,98.2 3 0
github.com/oprimogus/rinha-backend-2025/internal/core/external_services/payment_processor.go:104.62,113.2 2 0
github.com/oprimogus/rinha-backend-2025/internal/core/payment/repository.go:26.54,30.2 1 1
github.com/oprimogus/rinha-backend-2025/internal/core/payment/repository.go:32.87,34.16 2 2
github.com/oprimogus/rinha-backend-2025/internal/core/payment/repository.go:34.16,36.3 1 0
github.com/oprimogus/rinha-backend-2025/internal/core/payment/repository.go:38.2,38.17 1 2
github.com/oprimogus/rinha-backend-2025/internal/core/payment/repository.go:38.17,40.3 1 0
github.com/oprimogus/rinha-backend-2025/internal/core/payment/repository.go:42.2,45.16 3 2
github.com/oprimogus/rinha-backend-2025/internal/core/payment/repository.go:45.16,47.3 1 0
github.com/oprimogus/rinha-backend-2025/internal/core/payment/repository.go:49.2,50.16 2 2
github.com/oprimogus/rinha-backend-2025/internal/core/payment/repository.go:50.16,52.3 1 0
github.com/oprimogus/rinha-backend-2025/internal/core/payment/repository.go:54.2,59.8 1 2
github.com/oprimogus/rinha-backend-2025/internal/core/payment/repository.go:62.146,64.16 2 2
github.com/oprimogus/rinha-backend-2025/internal/core/payment/repository.go:64.16,66.3 1 0
github.com/oprimogus/rinha-backend-2025/internal/core/payment/repository.go:68.2,68.17 1 2
github.com/oprimogus/rinha-backend-2025/internal/core/payment/repository.go:68.17,70.3 1 0
github.com/oprimogus/rinha-backend-2025/internal/core/payment/repository.go:72.2,73.16 2 2
github.com/oprimogus/rinha-backend-2025/internal/core/payment/repository.go:73.16,75.3 1 0
github.com/oprimogus/rinha-backend-2025/internal/core/payment/repository.go:77.2,78.16 2 2
github.com/oprimogus/rinha-backend-2025/internal/core/payment/repository.go:78.16,80.3 1 0
github.com/oprimogus/rinha-backend-2025/internal/core/payment/repository.go:82.2,85.8 1 2
github.com/oprimogus/rinha-backend-2025/internal/core/payment/repository.go:88.78,94.16 2 1
github.com/oprimogus/rinha-backend-2025/internal/core/payment/repository.go:94.16,96.3 1 0
github.com/oprimogus/rinha-backend-2025/internal/core/payment/repository.go:98.2,98.12 1 1
github.com/oprimogus/rinha-backend-2025/internal/core/payment/repository.go:101.157,106.16 2 1
github.com/oprimogus/rinha-backend-2025/internal/core/payment/repository.go:106.16,108.3 1 0
github.com/oprimogus/rinha-backend-2025/internal/core/payment/repository.go:110.2,110.12 1 1
github.com/oprimogus/rinha-backend-2025/internal/core/payment/worker.go:7.61,11.2 1 0
github.com/oprimogus/rinha-backend-2025/internal/core/payment/worker.go:13.37,16.2 1 0
github.com/oprimogus/rinha-backend-2025/internal/core/payment/worker.go:18.49,21.2 1 0
