mode: atomic
github.com/oprimogus/rinha-backend-2025/internal/api/router.go:17.50,30.2 9 0
github.com/oprimogus/rinha-backend-2025/internal/config/config.go:39.26,41.16 2 0
github.com/oprimogus/rinha-backend-2025/internal/config/config.go:41.16,43.3 1 0
github.com/oprimogus/rinha-backend-2025/internal/config/config.go:45.2,46.16 2 0
github.com/oprimogus/rinha-backend-2025/internal/config/config.go:46.16,49.3 2 0
github.com/oprimogus/rinha-backend-2025/internal/config/config.go:51.5,69.6 1 0
github.com/oprimogus/rinha-backend-2025/internal/config/config.go:72.28,73.16 1 0
github.com/oprimogus/rinha-backend-2025/internal/config/config.go:73.16,75.3 1 0
github.com/oprimogus/rinha-backend-2025/internal/config/config.go:76.2,76.12 1 0
github.com/oprimogus/rinha-backend-2025/internal/api/middlewares/content_type.go:5.43,6.71 1 0
github.com/oprimogus/rinha-backend-2025/internal/api/middlewares/content_type.go:6.71,9.3 2 0
github.com/oprimogus/rinha-backend-2025/internal/api/middlewares/logger.go:15.29,23.35 3 0
github.com/oprimogus/rinha-backend-2025/internal/api/middlewares/logger.go:23.35,24.73 1 0
github.com/oprimogus/rinha-backend-2025/internal/api/middlewares/logger.go:24.73,26.4 1 0
github.com/oprimogus/rinha-backend-2025/internal/api/middlewares/logger.go:29.2,29.29 1 0
github.com/oprimogus/rinha-backend-2025/internal/api/middlewares/logger.go:32.35,35.29 2 0
github.com/oprimogus/rinha-backend-2025/internal/api/middlewares/logger.go:35.29,36.42 1 0
github.com/oprimogus/rinha-backend-2025/internal/api/middlewares/logger.go:36.42,37.12 1 0
github.com/oprimogus/rinha-backend-2025/internal/api/middlewares/logger.go:40.3,41.36 2 0
github.com/oprimogus/rinha-backend-2025/internal/api/middlewares/logger.go:41.36,42.80 1 0
github.com/oprimogus/rinha-backend-2025/internal/api/middlewares/logger.go:42.80,44.10 2 0
github.com/oprimogus/rinha-backend-2025/internal/api/middlewares/logger.go:48.3,48.14 1 0
github.com/oprimogus/rinha-backend-2025/internal/api/middlewares/logger.go:48.14,50.4 1 0
github.com/oprimogus/rinha-backend-2025/internal/api/middlewares/logger.go:53.2,53.14 1 0
github.com/oprimogus/rinha-backend-2025/internal/core/money/money.go:8.34,10.2 1 4
github.com/oprimogus/rinha-backend-2025/internal/core/money/money.go:12.34,14.2 1 0
github.com/oprimogus/rinha-backend-2025/internal/core/money/money.go:16.52,18.19 2 0
github.com/oprimogus/rinha-backend-2025/internal/core/money/money.go:18.19,20.6 1 0
github.com/oprimogus/rinha-backend-2025/internal/core/money/money.go:21.5,21.22 1 0
github.com/oprimogus/rinha-backend-2025/internal/core/money/money.go:24.56,26.19 2 0
github.com/oprimogus/rinha-backend-2025/internal/core/money/money.go:26.19,28.6 1 0
github.com/oprimogus/rinha-backend-2025/internal/core/money/money.go:29.5,29.31 1 0
github.com/oprimogus/rinha-backend-2025/internal/core/external_services/payment_processor.go:33.69,35.2 1 0
github.com/oprimogus/rinha-backend-2025/internal/core/external_services/payment_processor.go:37.101,41.16 3 0
github.com/oprimogus/rinha-backend-2025/internal/core/external_services/payment_processor.go:41.16,43.3 1 0
github.com/oprimogus/rinha-backend-2025/internal/core/external_services/payment_processor.go:45.2,46.16 2 0
github.com/oprimogus/rinha-backend-2025/internal/core/external_services/payment_processor.go:46.16,48.3 1 0
github.com/oprimogus/rinha-backend-2025/internal/core/external_services/payment_processor.go:49.2,52.16 3 0
github.com/oprimogus/rinha-backend-2025/internal/core/external_services/payment_processor.go:52.16,54.3 1 0
github.com/oprimogus/rinha-backend-2025/internal/core/external_services/payment_processor.go:55.2,60.69 4 0
github.com/oprimogus/rinha-backend-2025/internal/core/external_services/payment_processor.go:60.69,62.3 1 0
github.com/oprimogus/rinha-backend-2025/internal/core/external_services/payment_processor.go:64.2,64.22 1 0
github.com/oprimogus/rinha-backend-2025/internal/core/external_services/payment_processor.go:67.83,71.16 3 0
github.com/oprimogus/rinha-backend-2025/internal/core/external_services/payment_processor.go:71.16,73.3 1 0
github.com/oprimogus/rinha-backend-2025/internal/core/external_services/payment_processor.go:75.2,76.16 2 0
github.com/oprimogus/rinha-backend-2025/internal/core/external_services/payment_processor.go:76.16,78.3 1 0
github.com/oprimogus/rinha-backend-2025/internal/core/external_services/payment_processor.go:79.2,82.69 3 0
github.com/oprimogus/rinha-backend-2025/internal/core/external_services/payment_processor.go:82.69,84.3 1 0
github.com/oprimogus/rinha-backend-2025/internal/core/external_services/payment_processor.go:86.2,86.22 1 0
github.com/oprimogus/rinha-backend-2025/internal/core/external_services/payment_processor.go:93.60,102.2 2 0
github.com/oprimogus/rinha-backend-2025/internal/core/external_services/payment_processor.go:108.62,117.2 2 0
github.com/oprimogus/rinha-backend-2025/internal/core/external_services/payment_processor.go:119.72,120.14 1 0
github.com/oprimogus/rinha-backend-2025/internal/core/external_services/payment_processor.go:121.24,122.38 1 0
github.com/oprimogus/rinha-backend-2025/internal/core/external_services/payment_processor.go:123.25,124.39 1 0
github.com/oprimogus/rinha-backend-2025/internal/core/external_services/payment_processor.go:125.10,126.13 1 0
github.com/oprimogus/rinha-backend-2025/internal/infra/log/logger.go:25.58,26.55 1 0
github.com/oprimogus/rinha-backend-2025/internal/infra/log/logger.go:26.55,28.3 1 0
github.com/oprimogus/rinha-backend-2025/internal/infra/log/logger.go:29.2,29.12 1 0
github.com/oprimogus/rinha-backend-2025/internal/infra/log/logger.go:37.75,38.47 1 0
github.com/oprimogus/rinha-backend-2025/internal/infra/log/logger.go:38.47,45.3 1 0
github.com/oprimogus/rinha-backend-2025/internal/infra/log/logger.go:46.2,46.33 1 0
github.com/oprimogus/rinha-backend-2025/internal/infra/log/logger.go:55.61,58.2 2 0
github.com/oprimogus/rinha-backend-2025/internal/infra/log/logger.go:60.62,61.19 1 0
github.com/oprimogus/rinha-backend-2025/internal/infra/log/logger.go:61.19,63.3 1 0
github.com/oprimogus/rinha-backend-2025/internal/infra/log/logger.go:64.2,66.15 3 0
github.com/oprimogus/rinha-backend-2025/internal/infra/log/logger.go:70.32,77.2 3 0
github.com/oprimogus/rinha-backend-2025/internal/infra/log/logger.go:79.56,80.71 1 0
github.com/oprimogus/rinha-backend-2025/internal/infra/log/logger.go:80.71,110.3 9 0
github.com/oprimogus/rinha-backend-2025/internal/infra/testcontainers/container.go:17.47,18.50 1 0
github.com/oprimogus/rinha-backend-2025/internal/infra/testcontainers/container.go:18.50,20.3 1 0
github.com/oprimogus/rinha-backend-2025/internal/infra/testcontainers/redis.go:12.57,15.19 2 0
github.com/oprimogus/rinha-backend-2025/internal/infra/testcontainers/redis.go:15.19,18.3 2 0
github.com/oprimogus/rinha-backend-2025/internal/infra/testcontainers/redis.go:20.2,21.16 2 0
github.com/oprimogus/rinha-backend-2025/internal/infra/testcontainers/redis.go:21.16,24.3 2 0
github.com/oprimogus/rinha-backend-2025/internal/infra/testcontainers/redis.go:25.2,31.11 2 0
github.com/oprimogus/rinha-backend-2025/internal/infra/database/redis.go:16.71,23.64 2 0
github.com/oprimogus/rinha-backend-2025/internal/infra/database/redis.go:23.64,25.3 1 0
github.com/oprimogus/rinha-backend-2025/internal/infra/database/redis.go:27.2,27.28 1 0
github.com/oprimogus/rinha-backend-2025/internal/infra/database/redis.go:30.24,31.19 1 0
github.com/oprimogus/rinha-backend-2025/internal/infra/database/redis.go:31.19,34.23 3 0
github.com/oprimogus/rinha-backend-2025/internal/infra/database/redis.go:34.23,35.23 1 0
github.com/oprimogus/rinha-backend-2025/internal/infra/database/redis.go:37.9,37.23 1 0
github.com/oprimogus/rinha-backend-2025/internal/infra/database/redis.go:39.5,39.15 1 0
github.com/oprimogus/rinha-backend-2025/internal/infra/xerror/error.go:9.71,15.2 1 0
github.com/oprimogus/rinha-backend-2025/internal/infra/xerror/error.go:17.38,19.2 1 0
github.com/oprimogus/rinha-backend-2025/internal/core/payment/handler.go:18.44,22.2 1 0
github.com/oprimogus/rinha-backend-2025/internal/core/payment/handler.go:24.75,26.16 2 0
github.com/oprimogus/rinha-backend-2025/internal/core/payment/handler.go:26.16,31.3 4 0
github.com/oprimogus/rinha-backend-2025/internal/core/payment/handler.go:33.2,35.23 2 0
github.com/oprimogus/rinha-backend-2025/internal/core/payment/handler.go:36.10,40.9 4 0
github.com/oprimogus/rinha-backend-2025/internal/core/payment/handler.go:41.77,43.17 2 0
github.com/oprimogus/rinha-backend-2025/internal/core/payment/handler.go:43.17,47.4 3 0
github.com/oprimogus/rinha-backend-2025/internal/core/payment/handler.go:48.3,49.31 2 0
github.com/oprimogus/rinha-backend-2025/internal/core/payment/handler.go:53.78,57.58 3 0
github.com/oprimogus/rinha-backend-2025/internal/core/payment/handler.go:57.58,62.3 4 0
github.com/oprimogus/rinha-backend-2025/internal/core/payment/handler.go:64.2,68.19 2 0
github.com/oprimogus/rinha-backend-2025/internal/core/payment/handler.go:68.19,70.17 2 0
github.com/oprimogus/rinha-backend-2025/internal/core/payment/handler.go:70.17,75.4 4 0
github.com/oprimogus/rinha-backend-2025/internal/core/payment/handler.go:76.3,79.17 3 0
github.com/oprimogus/rinha-backend-2025/internal/core/payment/handler.go:79.17,84.4 4 0
github.com/oprimogus/rinha-backend-2025/internal/core/payment/handler.go:85.3,85.18 1 0
github.com/oprimogus/rinha-backend-2025/internal/core/payment/handler.go:88.2,89.16 2 0
github.com/oprimogus/rinha-backend-2025/internal/core/payment/handler.go:89.16,94.3 4 0
github.com/oprimogus/rinha-backend-2025/internal/core/payment/handler.go:96.2,97.36 2 0
github.com/oprimogus/rinha-backend-2025/internal/core/payment/handler.go:100.50,103.58 3 0
github.com/oprimogus/rinha-backend-2025/internal/core/payment/handler.go:103.58,105.3 1 0
github.com/oprimogus/rinha-backend-2025/internal/core/payment/handler.go:106.2,106.50 1 0
github.com/oprimogus/rinha-backend-2025/internal/core/payment/handler.go:106.50,108.3 1 0
github.com/oprimogus/rinha-backend-2025/internal/core/payment/repository.go:28.54,32.2 1 1
github.com/oprimogus/rinha-backend-2025/internal/core/payment/repository.go:34.87,36.16 2 2
github.com/oprimogus/rinha-backend-2025/internal/core/payment/repository.go:36.16,38.3 1 0
github.com/oprimogus/rinha-backend-2025/internal/core/payment/repository.go:40.2,40.17 1 2
github.com/oprimogus/rinha-backend-2025/internal/core/payment/repository.go:40.17,42.3 1 0
github.com/oprimogus/rinha-backend-2025/internal/core/payment/repository.go:44.2,45.16 2 2
github.com/oprimogus/rinha-backend-2025/internal/core/payment/repository.go:45.16,47.3 1 0
github.com/oprimogus/rinha-backend-2025/internal/core/payment/repository.go:49.2,50.16 2 2
github.com/oprimogus/rinha-backend-2025/internal/core/payment/repository.go:50.16,52.3 1 0
github.com/oprimogus/rinha-backend-2025/internal/core/payment/repository.go:54.2,60.8 1 2
github.com/oprimogus/rinha-backend-2025/internal/core/payment/repository.go:63.78,71.75 2 6
github.com/oprimogus/rinha-backend-2025/internal/core/payment/repository.go:71.75,73.3 1 0
github.com/oprimogus/rinha-backend-2025/internal/core/payment/repository.go:75.2,76.16 2 6
github.com/oprimogus/rinha-backend-2025/internal/core/payment/repository.go:76.16,78.3 1 0
github.com/oprimogus/rinha-backend-2025/internal/core/payment/repository.go:80.2,83.10 1 6
github.com/oprimogus/rinha-backend-2025/internal/core/payment/repository.go:86.146,88.16 2 2
github.com/oprimogus/rinha-backend-2025/internal/core/payment/repository.go:88.16,90.3 1 0
github.com/oprimogus/rinha-backend-2025/internal/core/payment/repository.go:92.2,92.17 1 2
github.com/oprimogus/rinha-backend-2025/internal/core/payment/repository.go:92.17,94.3 1 0
github.com/oprimogus/rinha-backend-2025/internal/core/payment/repository.go:96.2,97.16 2 2
github.com/oprimogus/rinha-backend-2025/internal/core/payment/repository.go:97.16,99.3 1 0
github.com/oprimogus/rinha-backend-2025/internal/core/payment/repository.go:101.2,102.16 2 2
github.com/oprimogus/rinha-backend-2025/internal/core/payment/repository.go:102.16,104.3 1 0
github.com/oprimogus/rinha-backend-2025/internal/core/payment/repository.go:106.2,109.8 1 2
github.com/oprimogus/rinha-backend-2025/internal/core/payment/repository.go:112.157,117.16 2 1
github.com/oprimogus/rinha-backend-2025/internal/core/payment/repository.go:117.16,119.3 1 0
github.com/oprimogus/rinha-backend-2025/internal/core/payment/repository.go:121.2,121.12 1 1
github.com/oprimogus/rinha-backend-2025/internal/core/payment/repository.go:124.115,128.19 3 2
github.com/oprimogus/rinha-backend-2025/internal/core/payment/repository.go:128.19,136.3 3 1
github.com/oprimogus/rinha-backend-2025/internal/core/payment/repository.go:136.8,138.3 1 1
github.com/oprimogus/rinha-backend-2025/internal/core/payment/repository.go:140.2,140.16 1 2
github.com/oprimogus/rinha-backend-2025/internal/core/payment/repository.go:140.16,142.3 1 0
github.com/oprimogus/rinha-backend-2025/internal/core/payment/repository.go:144.2,147.34 3 2
github.com/oprimogus/rinha-backend-2025/internal/core/payment/repository.go:147.34,150.61 2 8
github.com/oprimogus/rinha-backend-2025/internal/core/payment/repository.go:150.61,151.12 1 0
github.com/oprimogus/rinha-backend-2025/internal/core/payment/repository.go:154.3,154.22 1 8
github.com/oprimogus/rinha-backend-2025/internal/core/payment/repository.go:155.50,157.26 2 5
github.com/oprimogus/rinha-backend-2025/internal/core/payment/repository.go:158.51,160.27 2 3
github.com/oprimogus/rinha-backend-2025/internal/core/payment/repository.go:164.2,173.8 1 2
github.com/oprimogus/rinha-backend-2025/internal/core/payment/service.go:14.40,18.2 1 0
github.com/oprimogus/rinha-backend-2025/internal/core/payment/service.go:20.139,24.16 3 0
github.com/oprimogus/rinha-backend-2025/internal/core/payment/service.go:24.16,27.3 2 0
github.com/oprimogus/rinha-backend-2025/internal/core/payment/service.go:28.2,29.16 2 0
github.com/oprimogus/rinha-backend-2025/internal/core/payment/service.go:29.16,32.3 2 0
github.com/oprimogus/rinha-backend-2025/internal/core/payment/service.go:33.2,33.15 1 0
github.com/oprimogus/rinha-backend-2025/internal/core/payment/service.go:36.112,38.2 1 0
github.com/oprimogus/rinha-backend-2025/internal/core/payment/worker.go:17.61,22.2 1 0
github.com/oprimogus/rinha-backend-2025/internal/core/payment/worker.go:24.50,26.2 1 0
github.com/oprimogus/rinha-backend-2025/internal/core/payment/worker.go:28.90,33.6 4 0
github.com/oprimogus/rinha-backend-2025/internal/core/payment/worker.go:33.6,34.10 1 0
github.com/oprimogus/rinha-backend-2025/internal/core/payment/worker.go:35.21,37.10 2 0
github.com/oprimogus/rinha-backend-2025/internal/core/payment/worker.go:38.19,40.18 2 0
github.com/oprimogus/rinha-backend-2025/internal/core/payment/worker.go:40.18,42.5 1 0
github.com/oprimogus/rinha-backend-2025/internal/core/payment/worker.go:47.68,50.20 2 0
github.com/oprimogus/rinha-backend-2025/internal/core/payment/worker.go:50.20,52.17 2 0
github.com/oprimogus/rinha-backend-2025/internal/core/payment/worker.go:52.17,55.4 2 0
github.com/oprimogus/rinha-backend-2025/internal/core/payment/worker.go:56.3,57.17 2 0
github.com/oprimogus/rinha-backend-2025/internal/core/payment/worker.go:57.17,60.4 2 0
github.com/oprimogus/rinha-backend-2025/internal/core/payment/worker.go:61.3,61.13 1 0
github.com/oprimogus/rinha-backend-2025/internal/core/payment/worker.go:64.2,64.20 1 0
github.com/oprimogus/rinha-backend-2025/internal/core/payment/worker.go:64.20,66.17 2 0
github.com/oprimogus/rinha-backend-2025/internal/core/payment/worker.go:66.17,69.4 2 0
github.com/oprimogus/rinha-backend-2025/internal/core/payment/worker.go:70.3,71.17 2 0
github.com/oprimogus/rinha-backend-2025/internal/core/payment/worker.go:71.17,74.4 2 0
github.com/oprimogus/rinha-backend-2025/internal/core/payment/worker.go:75.3,75.13 1 0
github.com/oprimogus/rinha-backend-2025/internal/core/payment/worker.go:78.2,79.16 2 0
github.com/oprimogus/rinha-backend-2025/internal/core/payment/worker.go:79.16,82.3 2 0
github.com/oprimogus/rinha-backend-2025/internal/core/payment/worker.go:84.2,84.12 1 0
